<?xml version="1.0" encoding="UTF-8"?>
<!-- Generated by org.testng.reporters.JUnitReportReporter -->
<testsuite skipped="0" hostname="MC0YUD5C" name="tests.TestCheckboxes" tests="1" failures="0" timestamp="18 maj 2019 10:02:41 GMT" time="0.255" errors="0">
  <testcase name="selectUnselectCheckboxes" time="0.255" classname="tests.TestCheckboxes"/>
</testsuite> <!-- tests.TestCheckboxes -->
