<?xml version="1.0" encoding="UTF-8"?>
<!-- Generated by org.testng.reporters.JUnitReportReporter -->
<testsuite skipped="0" hostname="MC0YUD5C" name="tests.TestAddRemoveElements" tests="1" failures="0" timestamp="18 maj 2019 09:20:29 GMT" time="20.429" errors="0">
  <testcase name="addRemoveElements" time="20.429" classname="tests.TestAddRemoveElements"/>
</testsuite> <!-- tests.TestAddRemoveElements -->
