<?xml version="1.0" encoding="UTF-8"?>
<!-- Generated by org.testng.reporters.JUnitReportReporter -->
<testsuite skipped="0" hostname="MC0YUD5C" name="tests.TestDataTables" tests="1" failures="0" timestamp="18 maj 2019 19:12:35 GMT" time="0.375" errors="0">
  <testcase name="getDataFromTable" time="0.375" classname="tests.TestDataTables"/>
</testsuite> <!-- tests.TestDataTables -->
