<?xml version="1.0" encoding="UTF-8"?>
<!-- Generated by org.testng.reporters.JUnitReportReporter -->
<testsuite skipped="0" hostname="MC0YUD5C" name="firstTest.FirstTest" tests="1" failures="0" timestamp="13 maj 2019 11:03:54 GMT" time="5.239" errors="0">
  <testcase name="firstTest" time="5.239" classname="firstTest.FirstTest"/>
</testsuite> <!-- firstTest.FirstTest -->
