<?xml version="1.0" encoding="UTF-8"?>
<!-- Generated by org.testng.reporters.JUnitReportReporter -->
<testsuite skipped="0" hostname="MC0YUD5C" name="tests.TestLogin" tests="1" failures="0" timestamp="18 maj 2019 11:46:24 GMT" time="1.543" errors="0">
  <testcase name="selectFromDropdown" time="1.543" classname="tests.TestLogin"/>
</testsuite> <!-- tests.TestLogin -->
