<?xml version="1.0" encoding="UTF-8"?>
<!-- Generated by org.testng.reporters.JUnitReportReporter -->
<testsuite skipped="0" hostname="MC0YUD5C" name="tests.totaralearning.TestCase2" tests="1" failures="0" timestamp="19 maj 2019 13:06:24 GMT" time="17.295" errors="0">
  <testcase name="testCase2" time="17.295" classname="tests.totaralearning.TestCase2"/>
</testsuite> <!-- tests.totaralearning.TestCase2 -->
