<?xml version="1.0" encoding="UTF-8"?>
<!-- Generated by org.testng.reporters.JUnitReportReporter -->
<testsuite skipped="0" hostname="MC0YUD5C" name="tests.TestNotificationMessage" tests="1" failures="0" timestamp="18 maj 2019 19:03:13 GMT" time="2.305" errors="0">
  <testcase name="getDataFromTable" time="2.305" classname="tests.TestNotificationMessage"/>
</testsuite> <!-- tests.TestNotificationMessage -->
