<?xml version="1.0" encoding="UTF-8"?>
<!-- Generated by org.testng.reporters.JUnitReportReporter -->
<testsuite skipped="0" hostname="MC0YUD5C" name="tests.totaralearning.TestCase1" tests="1" failures="0" timestamp="19 maj 2019 13:05:48 GMT" time="31.090" errors="0">
  <testcase name="testCase1" time="31.090" classname="tests.totaralearning.TestCase1"/>
</testsuite> <!-- tests.totaralearning.TestCase1 -->
