<?xml version="1.0" encoding="UTF-8"?>
<!-- Generated by org.testng.reporters.JUnitReportReporter -->
<testsuite skipped="0" hostname="MC0YUD5C" name="tests.TestStatusCodes" tests="1" failures="0" timestamp="18 maj 2019 17:52:33 GMT" time="2.855" errors="0">
  <testcase name="checkStatusCodes" time="2.855" classname="tests.TestStatusCodes"/>
</testsuite> <!-- tests.TestStatusCodes -->
