<?xml version="1.0" encoding="UTF-8"?>
<!-- Generated by org.testng.reporters.JUnitReportReporter -->
<testsuite skipped="0" hostname="MC0YUD5C" name="tests.totaralearning.TestCase3" tests="1" failures="0" timestamp="19 maj 2019 17:36:22 GMT" time="31.847" errors="0">
  <testcase name="testCase3" time="31.847" classname="tests.totaralearning.TestCase3"/>
</testsuite> <!-- tests.totaralearning.TestCase3 -->
