<?xml version="1.0" encoding="UTF-8"?>
<!-- Generated by org.testng.reporters.JUnitReportReporter -->
<testsuite skipped="0" hostname="MC0YUD5C" name="tests.TestDynamicLoading" tests="1" failures="0" timestamp="18 maj 2019 19:02:04 GMT" time="11.877" errors="0">
  <testcase name="dynamicLoading" time="11.877" classname="tests.TestDynamicLoading"/>
</testsuite> <!-- tests.TestDynamicLoading -->
