<?xml version="1.0" encoding="UTF-8"?>
<!-- Generated by org.testng.reporters.JUnitReportReporter -->
<testsuite skipped="0" hostname="MC0YUD5C" name="tests.TestDynamicControls" tests="1" failures="0" timestamp="18 maj 2019 18:56:01 GMT" time="13.353" errors="0">
  <testcase name="dynamicControls" time="13.353" classname="tests.TestDynamicControls"/>
</testsuite> <!-- tests.TestDynamicControls -->
